Registros:
Enero:
John Lennon Ono Toto Murcielago 5 +56-9567677 7 no 08/01/2010
Febrero:
Martin Rojas Perez Pepo Loro 5 56-967879833 5 no 03/02/2018
Marzo:
Pablo Gonzalez Rocco Rudo Toro 6 56-789754 3 si 07/03/2019
Abril:
Mayo:
Ignacia Zuniga Gallardo Nachi Tortuga 5 +56-9673456 6 si 04/05/2011
Alberto Rodriguez Zamorano Atila Perro 6 +56-94576496 8 no 07/05/2018
Junio:
Julio:
Paola Zamorano Contreras Ringo Gato 6 +56-956876799 6 no 14/07/2011
Agosto:
Septiembre:
Octubre:
Noviembre:
Carlos Rodriguez Olivares Atila Perro 4 4656456 6 no 03/11/2018
Diciembre:
Luis Carro Rubio Manolo Perro 7 56-7896543 3 no 24/12/2010
